This is pdfTeX, Version 3.1415926-2.5-1.40.14 (MiKTeX 2.9) (preloaded format=pdflatex 2015.1.22)  20 MAR 2015 13:24
entering extended mode
**trinh_alg-geo_00.tex

(C:\Users\Minh-Tam\Dropbox\work_math\math_formal\work_alg-geo\trinh_alg-geo_00.
tex
LaTeX2e <2011/06/27>
Babel <v3.8m> and hyphenation patterns for english, afrikaans, ancientgreek, ar
abic, armenian, assamese, basque, bengali, bokmal, bulgarian, catalan, coptic, 
croatian, czech, danish, dutch, esperanto, estonian, farsi, finnish, french, ga
lician, german, german-x-2013-05-26, greek, gujarati, hindi, hungarian, iceland
ic, indonesian, interlingua, irish, italian, kannada, kurmanji, latin, latvian,
 lithuanian, malayalam, marathi, mongolian, mongolianlmc, monogreek, ngerman, n
german-x-2013-05-26, nynorsk, oriya, panjabi, pinyin, polish, portuguese, roman
ian, russian, sanskrit, serbian, slovak, slovenian, spanish, swedish, swissgerm
an, tamil, telugu, turkish, turkmen, ukenglish, ukrainian, uppersorbian, usengl
ishmax, welsh, loaded.
("C:\Program Files (x86)\MiKTeX 2.9\tex\latex\amscls\amsbook.cls"
Document Class: amsbook 2009/07/02 v2.20.1
\linespacing=\dimen102
\normalparindent=\dimen103
\normaltopskip=\skip41
("C:\Program Files (x86)\MiKTeX 2.9\tex\latex\amsmath\amsmath.sty"
Package: amsmath 2013/01/14 v2.14 AMS math features
\@mathmargin=\skip42

For additional information on amsmath, use the `?' option.
("C:\Program Files (x86)\MiKTeX 2.9\tex\latex\amsmath\amstext.sty"
Package: amstext 2000/06/29 v2.01

("C:\Program Files (x86)\MiKTeX 2.9\tex\latex\amsmath\amsgen.sty"
File: amsgen.sty 1999/11/30 v2.0
\@emptytoks=\toks14
\ex@=\dimen104
))
("C:\Program Files (x86)\MiKTeX 2.9\tex\latex\amsmath\amsbsy.sty"
Package: amsbsy 1999/11/29 v1.2d
\pmbraise@=\dimen105
)
("C:\Program Files (x86)\MiKTeX 2.9\tex\latex\amsmath\amsopn.sty"
Package: amsopn 1999/12/14 v2.01 operator names
)
\inf@bad=\count79
LaTeX Info: Redefining \frac on input line 210.
\uproot@=\count80
\leftroot@=\count81
LaTeX Info: Redefining \overline on input line 306.
\classnum@=\count82
\DOTSCASE@=\count83
LaTeX Info: Redefining \ldots on input line 378.
LaTeX Info: Redefining \dots on input line 381.
LaTeX Info: Redefining \cdots on input line 466.
\Mathstrutbox@=\box26
\strutbox@=\box27
\big@size=\dimen106
LaTeX Font Info:    Redeclaring font encoding OML on input line 566.
LaTeX Font Info:    Redeclaring font encoding OMS on input line 567.
\macc@depth=\count84
\c@MaxMatrixCols=\count85
\dotsspace@=\muskip10
\c@parentequation=\count86
\dspbrk@lvl=\count87
\tag@help=\toks15
\row@=\count88
\column@=\count89
\maxfields@=\count90
\andhelp@=\toks16
\eqnshift@=\dimen107
\alignsep@=\dimen108
\tagshift@=\dimen109
\tagwidth@=\dimen110
\totwidth@=\dimen111
\lineht@=\dimen112
\@envbody=\toks17
\multlinegap=\skip43
\multlinetaggap=\skip44
\mathdisplay@stack=\toks18
LaTeX Info: Redefining \[ on input line 2665.
LaTeX Info: Redefining \] on input line 2666.
)
LaTeX Font Info:    Try loading font information for U+msa on input line 367.

("C:\Program Files (x86)\MiKTeX 2.9\tex\latex\amsfonts\umsa.fd"
File: umsa.fd 2013/01/14 v3.01 AMS symbols A
)
("C:\Program Files (x86)\MiKTeX 2.9\tex\latex\amsfonts\amsfonts.sty"
Package: amsfonts 2013/01/14 v3.01 Basic AMSFonts support
\symAMSa=\mathgroup4
\symAMSb=\mathgroup5
LaTeX Font Info:    Overwriting math alphabet `\mathfrak' in version `bold'
(Font)                  U/euf/m/n --> U/euf/b/n on input line 106.
)
\copyins=\insert233
\abstractbox=\box28
\listisep=\skip45
\c@part=\count91
\c@chapter=\count92
\c@section=\count93
\c@subsection=\count94
\c@subsubsection=\count95
\c@paragraph=\count96
\c@subparagraph=\count97
\c@figure=\count98
\c@table=\count99
\abovecaptionskip=\skip46
\belowcaptionskip=\skip47
\captionindent=\dimen113
\thm@style=\toks19
\thm@bodyfont=\toks20
\thm@headfont=\toks21
\thm@notefont=\toks22
\thm@headpunct=\toks23
\thm@preskip=\skip48
\thm@postskip=\skip49
\thm@headsep=\skip50
\dth@everypar=\toks24
)
("C:\Program Files (x86)\MiKTeX 2.9\tex\latex\geometry\geometry.sty"
Package: geometry 2010/09/12 v5.6 Page Geometry

("C:\Program Files (x86)\MiKTeX 2.9\tex\latex\graphics\keyval.sty"
Package: keyval 1999/03/16 v1.13 key=value parser (DPC)
\KV@toks@=\toks25
)
("C:\Program Files (x86)\MiKTeX 2.9\tex\generic\oberdiek\ifpdf.sty"
Package: ifpdf 2011/01/30 v2.3 Provides the ifpdf switch (HO)
Package ifpdf Info: pdfTeX in PDF mode is detected.
)
("C:\Program Files (x86)\MiKTeX 2.9\tex\generic\oberdiek\ifvtex.sty"
Package: ifvtex 2010/03/01 v1.5 Detect VTeX and its facilities (HO)
Package ifvtex Info: VTeX not detected.
)
("C:\Program Files (x86)\MiKTeX 2.9\tex\generic\ifxetex\ifxetex.sty"
Package: ifxetex 2010/09/12 v0.6 Provides ifxetex conditional
)
\Gm@cnth=\count100
\Gm@cntv=\count101
\c@Gm@tempcnt=\count102
\Gm@bindingoffset=\dimen114
\Gm@wd@mp=\dimen115
\Gm@odd@mp=\dimen116
\Gm@even@mp=\dimen117
\Gm@layoutwidth=\dimen118
\Gm@layoutheight=\dimen119
\Gm@layouthoffset=\dimen120
\Gm@layoutvoffset=\dimen121
\Gm@dimlist=\toks26

("C:\Program Files (x86)\MiKTeX 2.9\tex\latex\geometry\geometry.cfg"))
(C:\trinh-m-q\tex\latex\misc\trinh-m-q_15_00.sty
Package: trinh-m-q_15_00 

("C:\Program Files (x86)\MiKTeX 2.9\tex\latex\base\fontenc.sty"
Package: fontenc 2005/09/27 v1.99g Standard LaTeX package

("C:\Program Files (x86)\MiKTeX 2.9\tex\latex\base\t1enc.def"
File: t1enc.def 2005/09/27 v1.99g Standard LaTeX file
LaTeX Font Info:    Redeclaring font encoding T1 on input line 43.
))
("C:\Program Files (x86)\MiKTeX 2.9\tex\latex\base\inputenc.sty"
Package: inputenc 2008/03/30 v1.1d Input encoding file
\inpenc@prehook=\toks27
\inpenc@posthook=\toks28

("C:\Program Files (x86)\MiKTeX 2.9\tex\latex\base\ascii.def"
File: ascii.def 2008/03/30 v1.1d Input encoding file
))
("C:\Program Files (x86)\MiKTeX 2.9\tex\latex\amsfonts\amssymb.sty"
Package: amssymb 2013/01/14 v3.01 AMS font symbols
)
("C:\Program Files (x86)\MiKTeX 2.9\tex\generic\babel\babel.sty"
Package: babel 2008/07/08 v3.8m The Babel package

*************************************
* Local config file bblopts.cfg used
*
("C:\Program Files (x86)\MiKTeX 2.9\tex\latex\00miktex\bblopts.cfg"
File: bblopts.cfg 2006/07/31 v1.0 MiKTeX 'babel' configuration
)
(C:\Users\Minh-Tam\AppData\Roaming\MiKTeX\2.9\tex\latex\babel-english\english.l
df
Language: english 2012/08/20 v3.3p English support from the babel system
 ("C:\Program Files (x86)\MiKTeX 2.9\tex\generic\babel\babel.def"
File: babel.def 2008/07/08 v3.8m Babel common definitions
\babel@savecnt=\count103
\U@D=\dimen122
)
\l@canadian = a dialect from \language\l@american 
\l@australian = a dialect from \language\l@british 
\l@newzealand = a dialect from \language\l@british 
))
(C:\Users\Minh-Tam\AppData\Roaming\MiKTeX\2.9\tex\latex\etoolbox\etoolbox.sty
Package: etoolbox 2011/01/03 v2.1 e-TeX tools for LaTeX

("C:\Program Files (x86)\MiKTeX 2.9\tex\latex\misc\etex.sty"
Package: etex 1998/03/26 v2.0 eTeX basic definition package (PEB)
\et@xins=\count104
)
\etb@tempcnta=\count105
)
("C:\Program Files (x86)\MiKTeX 2.9\tex\latex\hyperref\hyperref.sty"
Package: hyperref 2012/11/06 v6.83m Hypertext links for LaTeX

("C:\Program Files (x86)\MiKTeX 2.9\tex\generic\oberdiek\hobsub-hyperref.sty"
Package: hobsub-hyperref 2012/04/25 v1.12 Bundle oberdiek, subset hyperref (HO)


("C:\Program Files (x86)\MiKTeX 2.9\tex\generic\oberdiek\hobsub-generic.sty"
Package: hobsub-generic 2012/04/25 v1.12 Bundle oberdiek, subset generic (HO)
Package: hobsub 2012/04/25 v1.12 Construct package bundles (HO)
Package: infwarerr 2010/04/08 v1.3 Providing info/warning/error messages (HO)
Package: ltxcmds 2011/11/09 v1.22 LaTeX kernel commands for general use (HO)
Package: ifluatex 2010/03/01 v1.3 Provides the ifluatex switch (HO)
Package ifluatex Info: LuaTeX not detected.
Package hobsub Info: Skipping package `ifvtex' (already loaded).
Package: intcalc 2007/09/27 v1.1 Expandable calculations with integers (HO)
Package hobsub Info: Skipping package `ifpdf' (already loaded).
Package: etexcmds 2011/02/16 v1.5 Avoid name clashes with e-TeX commands (HO)
Package etexcmds Info: Could not find \expanded.
(etexcmds)             That can mean that you are not using pdfTeX 1.50 or
(etexcmds)             that some package has redefined \expanded.
(etexcmds)             In the latter case, load this package earlier.
Package: kvsetkeys 2012/04/25 v1.16 Key value parser (HO)
Package: kvdefinekeys 2011/04/07 v1.3 Define keys (HO)
Package: pdftexcmds 2011/11/29 v0.20 Utility functions of pdfTeX for LuaTeX (HO
)
Package pdftexcmds Info: LuaTeX not detected.
Package pdftexcmds Info: \pdf@primitive is available.
Package pdftexcmds Info: \pdf@ifprimitive is available.
Package pdftexcmds Info: \pdfdraftmode found.
Package: pdfescape 2011/11/25 v1.13 Implements pdfTeX's escape features (HO)
Package: bigintcalc 2012/04/08 v1.3 Expandable calculations on big integers (HO
)
Package: bitset 2011/01/30 v1.1 Handle bit-vector datatype (HO)
Package: uniquecounter 2011/01/30 v1.2 Provide unlimited unique counter (HO)
)
Package hobsub Info: Skipping package `hobsub' (already loaded).
Package: letltxmacro 2010/09/02 v1.4 Let assignment for LaTeX macros (HO)
Package: hopatch 2011/06/24 v1.1 Wrapper for package hooks (HO)
Package: xcolor-patch 2011/01/30 xcolor patch
Package: atveryend 2011/06/30 v1.8 Hooks at the very end of document (HO)
Package: atbegshi 2011/10/05 v1.16 At begin shipout hook (HO)
Package: refcount 2011/10/16 v3.4 Data extraction from label references (HO)
Package: hycolor 2011/01/30 v1.7 Color options for hyperref/bookmark (HO)
)
("C:\Program Files (x86)\MiKTeX 2.9\tex\latex\oberdiek\auxhook.sty"
Package: auxhook 2011/03/04 v1.3 Hooks for auxiliary files (HO)
)
("C:\Program Files (x86)\MiKTeX 2.9\tex\latex\oberdiek\kvoptions.sty"
Package: kvoptions 2011/06/30 v3.11 Key value format for package options (HO)
)
\@linkdim=\dimen123
\Hy@linkcounter=\count106
\Hy@pagecounter=\count107

("C:\Program Files (x86)\MiKTeX 2.9\tex\latex\hyperref\pd1enc.def"
File: pd1enc.def 2012/11/06 v6.83m Hyperref: PDFDocEncoding definition (HO)
)
\Hy@SavedSpaceFactor=\count108

("C:\Program Files (x86)\MiKTeX 2.9\tex\latex\00miktex\hyperref.cfg"
File: hyperref.cfg 2002/06/06 v1.2 hyperref configuration of TeXLive
)
Package hyperref Info: Option `final' set `true' on input line 4319.
Package hyperref Info: Hyper figures OFF on input line 4443.
Package hyperref Info: Link nesting OFF on input line 4448.
Package hyperref Info: Hyper index ON on input line 4451.
Package hyperref Info: Plain pages OFF on input line 4458.
Package hyperref Info: Backreferencing OFF on input line 4463.
Package hyperref Info: Implicit mode ON; LaTeX internals redefined.
Package hyperref Info: Bookmarks ON on input line 4688.
\c@Hy@tempcnt=\count109

(C:\Users\Minh-Tam\AppData\Roaming\MiKTeX\2.9\tex\latex\url\url.sty
\Urlmuskip=\muskip11
Package: url 2013/09/16  ver 3.4  Verb mode for urls, etc.
)
LaTeX Info: Redefining \url on input line 5041.
\XeTeXLinkMargin=\dimen124
\Fld@menulength=\count110
\Field@Width=\dimen125
\Fld@charsize=\dimen126
Package hyperref Info: Hyper figures OFF on input line 6295.
Package hyperref Info: Link nesting OFF on input line 6300.
Package hyperref Info: Hyper index ON on input line 6303.
Package hyperref Info: backreferencing OFF on input line 6310.
Package hyperref Info: Link coloring OFF on input line 6315.
Package hyperref Info: Link coloring with OCG OFF on input line 6320.
Package hyperref Info: PDF/A mode OFF on input line 6325.
LaTeX Info: Redefining \ref on input line 6365.
LaTeX Info: Redefining \pageref on input line 6369.
\Hy@abspage=\count111
\c@Item=\count112
\c@Hfootnote=\count113
)

Package hyperref Message: Driver (autodetected): hpdftex.

("C:\Program Files (x86)\MiKTeX 2.9\tex\latex\hyperref\hpdftex.def"
File: hpdftex.def 2012/11/06 v6.83m Hyperref driver for pdfTeX
\Fld@listcount=\count114
\c@bookmark@seq@number=\count115

("C:\Program Files (x86)\MiKTeX 2.9\tex\latex\oberdiek\rerunfilecheck.sty"
Package: rerunfilecheck 2011/04/15 v1.7 Rerun checks for auxiliary files (HO)
Package uniquecounter Info: New unique counter `rerunfilecheck' on input line 2
82.
)
\Hy@SectionHShift=\skip51
)
Package hyperref Info: Option `colorlinks' set `true' on input line 50.

(C:\trinh-m-q\tex\latex\misc\mathtools.sty
Package: mathtools 2008/08/01 v1.06 mathematical typesetting tools (MH)

("C:\Program Files (x86)\MiKTeX 2.9\tex\latex\tools\calc.sty"
Package: calc 2007/08/22 v4.3 Infix arithmetic (KKT,FJ)
\calc@Acount=\count116
\calc@Bcount=\count117
\calc@Adimen=\dimen127
\calc@Bdimen=\dimen128
\calc@Askip=\skip52
\calc@Bskip=\skip53
LaTeX Info: Redefining \setlength on input line 76.
LaTeX Info: Redefining \addtolength on input line 77.
\calc@Ccount=\count118
\calc@Cskip=\skip54
)
(C:\trinh-m-q\tex\latex\misc\mhsetup.sty
Package: mhsetup 2010/01/21 v1.2a programming setup (MH)
)
\g_MT_multlinerow_int=\count119
\l_MT_multwidth_dim=\dimen129
)
(C:\Users\Minh-Tam\AppData\Roaming\MiKTeX\2.9\tex\latex\microtype\microtype.sty
Package: microtype 2013/05/23 v2.5a Micro-typographical refinements (RS)
\MT@toks=\toks29
\MT@count=\count120
LaTeX Info: Redefining \textls on input line 766.
\MT@outer@kern=\dimen130
LaTeX Info: Redefining \textmicrotypecontext on input line 1285.
\MT@listname@count=\count121

(C:\Users\Minh-Tam\AppData\Roaming\MiKTeX\2.9\tex\latex\microtype\microtype-pdf
tex.def
File: microtype-pdftex.def 2013/05/23 v2.5a Definitions specific to pdftex (RS)

LaTeX Info: Redefining \lsstyle on input line 915.
LaTeX Info: Redefining \lslig on input line 915.
\MT@outer@space=\skip55
)
Package microtype Info: Loading configuration file microtype.cfg.

(C:\Users\Minh-Tam\AppData\Roaming\MiKTeX\2.9\tex\latex\microtype\microtype.cfg
File: microtype.cfg 2013/05/23 v2.5a microtype main configuration file (RS)
)) ("C:\Program Files (x86)\MiKTeX 2.9\tex\latex\tools\verbatim.sty"
Package: verbatim 2003/08/22 v1.5q LaTeX2e package for verbatim enhancements
\every@verbatim=\toks30
\verbatim@line=\toks31
\verbatim@in@stream=\read1
)
("C:\Program Files (x86)\MiKTeX 2.9\tex\latex\amsfonts\eucal.sty"
Package: eucal 2009/06/22 v3.00 Euler Script fonts
LaTeX Font Info:    Overwriting math alphabet `\EuScript' in version `bold'
(Font)                  U/eus/m/n --> U/eus/b/n on input line 33.
){C:/Users/Minh-Tam/AppData/Local/MiKTeX/2.9/pdftex/config/pdftex.map}{C:/Users
/Minh-Tam/AppData/Roaming/MiKTeX/2.9/fonts/map/dvips/inconsolata/zi4.map

pdfTeX warning: pdflatex (file C:/Users/Minh-Tam/AppData/Roaming/MiKTeX/2.9/fon
ts/map/dvips/inconsolata/zi4.map): fontmap entry for `t1-zi4r-0' already exists
, duplicates ignored


pdfTeX warning: pdflatex (file C:/Users/Minh-Tam/AppData/Roaming/MiKTeX/2.9/fon
ts/map/dvips/inconsolata/zi4.map): fontmap entry for `t1-zi4r-1' already exists
, duplicates ignored


pdfTeX warning: pdflatex (file C:/Users/Minh-Tam/AppData/Roaming/MiKTeX/2.9/fon
ts/map/dvips/inconsolata/zi4.map): fontmap entry for `t1-zi4r-2' already exists
, duplicates ignored


pdfTeX warning: pdflatex (file C:/Users/Minh-Tam/AppData/Roaming/MiKTeX/2.9/fon
ts/map/dvips/inconsolata/zi4.map): fontmap entry for `t1-zi4r-3' already exists
, duplicates ignored


pdfTeX warning: pdflatex (file C:/Users/Minh-Tam/AppData/Roaming/MiKTeX/2.9/fon
ts/map/dvips/inconsolata/zi4.map): fontmap entry for `t1-zi4r-4' already exists
, duplicates ignored


pdfTeX warning: pdflatex (file C:/Users/Minh-Tam/AppData/Roaming/MiKTeX/2.9/fon
ts/map/dvips/inconsolata/zi4.map): fontmap entry for `t1-zi4r-5' already exists
, duplicates ignored


pdfTeX warning: pdflatex (file C:/Users/Minh-Tam/AppData/Roaming/MiKTeX/2.9/fon
ts/map/dvips/inconsolata/zi4.map): fontmap entry for `t1-zi4r-6' already exists
, duplicates ignored


pdfTeX warning: pdflatex (file C:/Users/Minh-Tam/AppData/Roaming/MiKTeX/2.9/fon
ts/map/dvips/inconsolata/zi4.map): fontmap entry for `t1-zi4r-7' already exists
, duplicates ignored


pdfTeX warning: pdflatex (file C:/Users/Minh-Tam/AppData/Roaming/MiKTeX/2.9/fon
ts/map/dvips/inconsolata/zi4.map): fontmap entry for `t1-zi4b-0' already exists
, duplicates ignored


pdfTeX warning: pdflatex (file C:/Users/Minh-Tam/AppData/Roaming/MiKTeX/2.9/fon
ts/map/dvips/inconsolata/zi4.map): fontmap entry for `t1-zi4b-1' already exists
, duplicates ignored


pdfTeX warning: pdflatex (file C:/Users/Minh-Tam/AppData/Roaming/MiKTeX/2.9/fon
ts/map/dvips/inconsolata/zi4.map): fontmap entry for `t1-zi4b-2' already exists
, duplicates ignored


pdfTeX warning: pdflatex (file C:/Users/Minh-Tam/AppData/Roaming/MiKTeX/2.9/fon
ts/map/dvips/inconsolata/zi4.map): fontmap entry for `t1-zi4b-3' already exists
, duplicates ignored


pdfTeX warning: pdflatex (file C:/Users/Minh-Tam/AppData/Roaming/MiKTeX/2.9/fon
ts/map/dvips/inconsolata/zi4.map): fontmap entry for `t1-zi4b-4' already exists
, duplicates ignored


pdfTeX warning: pdflatex (file C:/Users/Minh-Tam/AppData/Roaming/MiKTeX/2.9/fon
ts/map/dvips/inconsolata/zi4.map): fontmap entry for `t1-zi4b-5' already exists
, duplicates ignored


pdfTeX warning: pdflatex (file C:/Users/Minh-Tam/AppData/Roaming/MiKTeX/2.9/fon
ts/map/dvips/inconsolata/zi4.map): fontmap entry for `t1-zi4b-6' already exists
, duplicates ignored


pdfTeX warning: pdflatex (file C:/Users/Minh-Tam/AppData/Roaming/MiKTeX/2.9/fon
ts/map/dvips/inconsolata/zi4.map): fontmap entry for `t1-zi4b-7' already exists
, duplicates ignored


pdfTeX warning: pdflatex (file C:/Users/Minh-Tam/AppData/Roaming/MiKTeX/2.9/fon
ts/map/dvips/inconsolata/zi4.map): fontmap entry for `ot1-zi4r-0' already exist
s, duplicates ignored


pdfTeX warning: pdflatex (file C:/Users/Minh-Tam/AppData/Roaming/MiKTeX/2.9/fon
ts/map/dvips/inconsolata/zi4.map): fontmap entry for `ot1-zi4r-1' already exist
s, duplicates ignored


pdfTeX warning: pdflatex (file C:/Users/Minh-Tam/AppData/Roaming/MiKTeX/2.9/fon
ts/map/dvips/inconsolata/zi4.map): fontmap entry for `ot1-zi4r-2' already exist
s, duplicates ignored


pdfTeX warning: pdflatex (file C:/Users/Minh-Tam/AppData/Roaming/MiKTeX/2.9/fon
ts/map/dvips/inconsolata/zi4.map): fontmap entry for `ot1-zi4r-3' already exist
s, duplicates ignored


pdfTeX warning: pdflatex (file C:/Users/Minh-Tam/AppData/Roaming/MiKTeX/2.9/fon
ts/map/dvips/inconsolata/zi4.map): fontmap entry for `ot1-zi4r-4' already exist
s, duplicates ignored


pdfTeX warning: pdflatex (file C:/Users/Minh-Tam/AppData/Roaming/MiKTeX/2.9/fon
ts/map/dvips/inconsolata/zi4.map): fontmap entry for `ot1-zi4r-5' already exist
s, duplicates ignored


pdfTeX warning: pdflatex (file C:/Users/Minh-Tam/AppData/Roaming/MiKTeX/2.9/fon
ts/map/dvips/inconsolata/zi4.map): fontmap entry for `ot1-zi4r-6' already exist
s, duplicates ignored


pdfTeX warning: pdflatex (file C:/Users/Minh-Tam/AppData/Roaming/MiKTeX/2.9/fon
ts/map/dvips/inconsolata/zi4.map): fontmap entry for `ot1-zi4r-7' already exist
s, duplicates ignored


pdfTeX warning: pdflatex (file C:/Users/Minh-Tam/AppData/Roaming/MiKTeX/2.9/fon
ts/map/dvips/inconsolata/zi4.map): fontmap entry for `ot1-zi4b-0' already exist
s, duplicates ignored


pdfTeX warning: pdflatex (file C:/Users/Minh-Tam/AppData/Roaming/MiKTeX/2.9/fon
ts/map/dvips/inconsolata/zi4.map): fontmap entry for `ot1-zi4b-1' already exist
s, duplicates ignored


pdfTeX warning: pdflatex (file C:/Users/Minh-Tam/AppData/Roaming/MiKTeX/2.9/fon
ts/map/dvips/inconsolata/zi4.map): fontmap entry for `ot1-zi4b-2' already exist
s, duplicates ignored


pdfTeX warning: pdflatex (file C:/Users/Minh-Tam/AppData/Roaming/MiKTeX/2.9/fon
ts/map/dvips/inconsolata/zi4.map): fontmap entry for `ot1-zi4b-3' already exist
s, duplicates ignored


pdfTeX warning: pdflatex (file C:/Users/Minh-Tam/AppData/Roaming/MiKTeX/2.9/fon
ts/map/dvips/inconsolata/zi4.map): fontmap entry for `ot1-zi4b-4' already exist
s, duplicates ignored


pdfTeX warning: pdflatex (file C:/Users/Minh-Tam/AppData/Roaming/MiKTeX/2.9/fon
ts/map/dvips/inconsolata/zi4.map): fontmap entry for `ot1-zi4b-5' already exist
s, duplicates ignored


pdfTeX warning: pdflatex (file C:/Users/Minh-Tam/AppData/Roaming/MiKTeX/2.9/fon
ts/map/dvips/inconsolata/zi4.map): fontmap entry for `ot1-zi4b-6' already exist
s, duplicates ignored


pdfTeX warning: pdflatex (file C:/Users/Minh-Tam/AppData/Roaming/MiKTeX/2.9/fon
ts/map/dvips/inconsolata/zi4.map): fontmap entry for `ot1-zi4b-7' already exist
s, duplicates ignored


pdfTeX warning: pdflatex (file C:/Users/Minh-Tam/AppData/Roaming/MiKTeX/2.9/fon
ts/map/dvips/inconsolata/zi4.map): fontmap entry for `ly1-zi4r-0' already exist
s, duplicates ignored


pdfTeX warning: pdflatex (file C:/Users/Minh-Tam/AppData/Roaming/MiKTeX/2.9/fon
ts/map/dvips/inconsolata/zi4.map): fontmap entry for `ly1-zi4r-1' already exist
s, duplicates ignored


pdfTeX warning: pdflatex (file C:/Users/Minh-Tam/AppData/Roaming/MiKTeX/2.9/fon
ts/map/dvips/inconsolata/zi4.map): fontmap entry for `ly1-zi4r-2' already exist
s, duplicates ignored


pdfTeX warning: pdflatex (file C:/Users/Minh-Tam/AppData/Roaming/MiKTeX/2.9/fon
ts/map/dvips/inconsolata/zi4.map): fontmap entry for `ly1-zi4r-3' already exist
s, duplicates ignored


pdfTeX warning: pdflatex (file C:/Users/Minh-Tam/AppData/Roaming/MiKTeX/2.9/fon
ts/map/dvips/inconsolata/zi4.map): fontmap entry for `ly1-zi4r-4' already exist
s, duplicates ignored


pdfTeX warning: pdflatex (file C:/Users/Minh-Tam/AppData/Roaming/MiKTeX/2.9/fon
ts/map/dvips/inconsolata/zi4.map): fontmap entry for `ly1-zi4r-5' already exist
s, duplicates ignored


pdfTeX warning: pdflatex (file C:/Users/Minh-Tam/AppData/Roaming/MiKTeX/2.9/fon
ts/map/dvips/inconsolata/zi4.map): fontmap entry for `ly1-zi4r-6' already exist
s, duplicates ignored


pdfTeX warning: pdflatex (file C:/Users/Minh-Tam/AppData/Roaming/MiKTeX/2.9/fon
ts/map/dvips/inconsolata/zi4.map): fontmap entry for `ly1-zi4r-7' already exist
s, duplicates ignored


pdfTeX warning: pdflatex (file C:/Users/Minh-Tam/AppData/Roaming/MiKTeX/2.9/fon
ts/map/dvips/inconsolata/zi4.map): fontmap entry for `ly1-zi4b-0' already exist
s, duplicates ignored


pdfTeX warning: pdflatex (file C:/Users/Minh-Tam/AppData/Roaming/MiKTeX/2.9/fon
ts/map/dvips/inconsolata/zi4.map): fontmap entry for `ly1-zi4b-1' already exist
s, duplicates ignored


pdfTeX warning: pdflatex (file C:/Users/Minh-Tam/AppData/Roaming/MiKTeX/2.9/fon
ts/map/dvips/inconsolata/zi4.map): fontmap entry for `ly1-zi4b-2' already exist
s, duplicates ignored


pdfTeX warning: pdflatex (file C:/Users/Minh-Tam/AppData/Roaming/MiKTeX/2.9/fon
ts/map/dvips/inconsolata/zi4.map): fontmap entry for `ly1-zi4b-3' already exist
s, duplicates ignored


pdfTeX warning: pdflatex (file C:/Users/Minh-Tam/AppData/Roaming/MiKTeX/2.9/fon
ts/map/dvips/inconsolata/zi4.map): fontmap entry for `ly1-zi4b-4' already exist
s, duplicates ignored


pdfTeX warning: pdflatex (file C:/Users/Minh-Tam/AppData/Roaming/MiKTeX/2.9/fon
ts/map/dvips/inconsolata/zi4.map): fontmap entry for `ly1-zi4b-5' already exist
s, duplicates ignored


pdfTeX warning: pdflatex (file C:/Users/Minh-Tam/AppData/Roaming/MiKTeX/2.9/fon
ts/map/dvips/inconsolata/zi4.map): fontmap entry for `ly1-zi4b-6' already exist
s, duplicates ignored


pdfTeX warning: pdflatex (file C:/Users/Minh-Tam/AppData/Roaming/MiKTeX/2.9/fon
ts/map/dvips/inconsolata/zi4.map): fontmap entry for `ly1-zi4b-7' already exist
s, duplicates ignored


pdfTeX warning: pdflatex (file C:/Users/Minh-Tam/AppData/Roaming/MiKTeX/2.9/fon
ts/map/dvips/inconsolata/zi4.map): fontmap entry for `qx-zi4r-0' already exists
, duplicates ignored


pdfTeX warning: pdflatex (file C:/Users/Minh-Tam/AppData/Roaming/MiKTeX/2.9/fon
ts/map/dvips/inconsolata/zi4.map): fontmap entry for `qx-zi4r-1' already exists
, duplicates ignored


pdfTeX warning: pdflatex (file C:/Users/Minh-Tam/AppData/Roaming/MiKTeX/2.9/fon
ts/map/dvips/inconsolata/zi4.map): fontmap entry for `qx-zi4r-2' already exists
, duplicates ignored


pdfTeX warning: pdflatex (file C:/Users/Minh-Tam/AppData/Roaming/MiKTeX/2.9/fon
ts/map/dvips/inconsolata/zi4.map): fontmap entry for `qx-zi4r-3' already exists
, duplicates ignored


pdfTeX warning: pdflatex (file C:/Users/Minh-Tam/AppData/Roaming/MiKTeX/2.9/fon
ts/map/dvips/inconsolata/zi4.map): fontmap entry for `qx-zi4r-4' already exists
, duplicates ignored


pdfTeX warning: pdflatex (file C:/Users/Minh-Tam/AppData/Roaming/MiKTeX/2.9/fon
ts/map/dvips/inconsolata/zi4.map): fontmap entry for `qx-zi4r-5' already exists
, duplicates ignored


pdfTeX warning: pdflatex (file C:/Users/Minh-Tam/AppData/Roaming/MiKTeX/2.9/fon
ts/map/dvips/inconsolata/zi4.map): fontmap entry for `qx-zi4r-6' already exists
, duplicates ignored


pdfTeX warning: pdflatex (file C:/Users/Minh-Tam/AppData/Roaming/MiKTeX/2.9/fon
ts/map/dvips/inconsolata/zi4.map): fontmap entry for `qx-zi4r-7' already exists
, duplicates ignored


pdfTeX warning: pdflatex (file C:/Users/Minh-Tam/AppData/Roaming/MiKTeX/2.9/fon
ts/map/dvips/inconsolata/zi4.map): fontmap entry for `qx-zi4b-0' already exists
, duplicates ignored


pdfTeX warning: pdflatex (file C:/Users/Minh-Tam/AppData/Roaming/MiKTeX/2.9/fon
ts/map/dvips/inconsolata/zi4.map): fontmap entry for `qx-zi4b-1' already exists
, duplicates ignored


pdfTeX warning: pdflatex (file C:/Users/Minh-Tam/AppData/Roaming/MiKTeX/2.9/fon
ts/map/dvips/inconsolata/zi4.map): fontmap entry for `qx-zi4b-2' already exists
, duplicates ignored


pdfTeX warning: pdflatex (file C:/Users/Minh-Tam/AppData/Roaming/MiKTeX/2.9/fon
ts/map/dvips/inconsolata/zi4.map): fontmap entry for `qx-zi4b-3' already exists
, duplicates ignored


pdfTeX warning: pdflatex (file C:/Users/Minh-Tam/AppData/Roaming/MiKTeX/2.9/fon
ts/map/dvips/inconsolata/zi4.map): fontmap entry for `qx-zi4b-4' already exists
, duplicates ignored


pdfTeX warning: pdflatex (file C:/Users/Minh-Tam/AppData/Roaming/MiKTeX/2.9/fon
ts/map/dvips/inconsolata/zi4.map): fontmap entry for `qx-zi4b-5' already exists
, duplicates ignored


pdfTeX warning: pdflatex (file C:/Users/Minh-Tam/AppData/Roaming/MiKTeX/2.9/fon
ts/map/dvips/inconsolata/zi4.map): fontmap entry for `qx-zi4b-6' already exists
, duplicates ignored


pdfTeX warning: pdflatex (file C:/Users/Minh-Tam/AppData/Roaming/MiKTeX/2.9/fon
ts/map/dvips/inconsolata/zi4.map): fontmap entry for `qx-zi4b-7' already exists
, duplicates ignored


pdfTeX warning: pdflatex (file C:/Users/Minh-Tam/AppData/Roaming/MiKTeX/2.9/fon
ts/map/dvips/inconsolata/zi4.map): fontmap entry for `ts1-zi4r' already exists,
 duplicates ignored


pdfTeX warning: pdflatex (file C:/Users/Minh-Tam/AppData/Roaming/MiKTeX/2.9/fon
ts/map/dvips/inconsolata/zi4.map): fontmap entry for `ts1-zi4b' already exists,
 duplicates ignored
}
(C:\Users\Minh-Tam\AppData\Roaming\MiKTeX\2.9\tex\latex\garamondx\garamondx.sty
Package: garamondx 2014/09/26 v1.09

`garamondx' v1.09. 2014/09/26 GaramondNo8 with expert features (Michael Sharpe)
("C:\Program Files (x86)\MiKTeX 2.9\tex\latex\graphics\graphicx.sty"
Package: graphicx 1999/02/16 v1.0f Enhanced LaTeX Graphics (DPC,SPQR)

("C:\Program Files (x86)\MiKTeX 2.9\tex\latex\graphics\graphics.sty"
Package: graphics 2009/02/05 v1.0o Standard LaTeX Graphics (DPC,SPQR)

("C:\Program Files (x86)\MiKTeX 2.9\tex\latex\graphics\trig.sty"
Package: trig 1999/03/16 v1.09 sin cos tan (DPC)
)
("C:\Program Files (x86)\MiKTeX 2.9\tex\latex\00miktex\graphics.cfg"
File: graphics.cfg 2007/01/18 v1.5 graphics configuration of teTeX/TeXLive
)
Package graphics Info: Driver file: pdftex.def on input line 91.

("C:\Program Files (x86)\MiKTeX 2.9\tex\latex\pdftex-def\pdftex.def"
File: pdftex.def 2011/05/27 v0.06d Graphics/color for pdfTeX
\Gread@gobject=\count122
))
\Gin@req@height=\dimen131
\Gin@req@width=\dimen132
)
("C:\Program Files (x86)\MiKTeX 2.9\tex\latex\base\fontenc.sty"
Package: fontenc 2005/09/27 v1.99g Standard LaTeX package

("C:\Program Files (x86)\MiKTeX 2.9\tex\latex\base\t1enc.def"
File: t1enc.def 2005/09/27 v1.99g Standard LaTeX file
LaTeX Font Info:    Redeclaring font encoding T1 on input line 43.
))
(C:\Users\Minh-Tam\AppData\Roaming\MiKTeX\2.9\tex\latex\fontaxes\fontaxes.sty
Package: fontaxes 2014/03/23 v1.0d Font selection axes
LaTeX Info: Redefining \upshape on input line 29.
LaTeX Info: Redefining \itshape on input line 31.
LaTeX Info: Redefining \slshape on input line 33.
LaTeX Info: Redefining \scshape on input line 37.
)
("C:\Program Files (x86)\MiKTeX 2.9\tex\latex\base\textcomp.sty"
Package: textcomp 2005/09/27 v1.99g Standard LaTeX package
Package textcomp Info: Sub-encoding information:
(textcomp)               5 = only ISO-Adobe without \textcurrency
(textcomp)               4 = 5 + \texteuro
(textcomp)               3 = 4 + \textohm
(textcomp)               2 = 3 + \textestimated + \textcurrency
(textcomp)               1 = TS1 - \textcircled - \t
(textcomp)               0 = TS1 (full)
(textcomp)             Font families with sub-encoding setting implement
(textcomp)             only a restricted character set as indicated.
(textcomp)             Family '?' is the default used for unknown fonts.
(textcomp)             See the documentation for details.
Package textcomp Info: Setting ? sub-encoding to TS1/1 on input line 71.

("C:\Program Files (x86)\MiKTeX 2.9\tex\latex\base\ts1enc.def"
File: ts1enc.def 2001/06/05 v3.0e (jk/car/fm) Standard LaTeX file
)
LaTeX Info: Redefining \oldstylenums on input line 266.
Package textcomp Info: Setting cmr sub-encoding to TS1/0 on input line 281.
Package textcomp Info: Setting cmss sub-encoding to TS1/0 on input line 282.
Package textcomp Info: Setting cmtt sub-encoding to TS1/0 on input line 283.
Package textcomp Info: Setting cmvtt sub-encoding to TS1/0 on input line 284.
Package textcomp Info: Setting cmbr sub-encoding to TS1/0 on input line 285.
Package textcomp Info: Setting cmtl sub-encoding to TS1/0 on input line 286.
Package textcomp Info: Setting ccr sub-encoding to TS1/0 on input line 287.
Package textcomp Info: Setting ptm sub-encoding to TS1/4 on input line 288.
Package textcomp Info: Setting pcr sub-encoding to TS1/4 on input line 289.
Package textcomp Info: Setting phv sub-encoding to TS1/4 on input line 290.
Package textcomp Info: Setting ppl sub-encoding to TS1/3 on input line 291.
Package textcomp Info: Setting pag sub-encoding to TS1/4 on input line 292.
Package textcomp Info: Setting pbk sub-encoding to TS1/4 on input line 293.
Package textcomp Info: Setting pnc sub-encoding to TS1/4 on input line 294.
Package textcomp Info: Setting pzc sub-encoding to TS1/4 on input line 295.
Package textcomp Info: Setting bch sub-encoding to TS1/4 on input line 296.
Package textcomp Info: Setting put sub-encoding to TS1/5 on input line 297.
Package textcomp Info: Setting uag sub-encoding to TS1/5 on input line 298.
Package textcomp Info: Setting ugq sub-encoding to TS1/5 on input line 299.
Package textcomp Info: Setting ul8 sub-encoding to TS1/4 on input line 300.
Package textcomp Info: Setting ul9 sub-encoding to TS1/4 on input line 301.
Package textcomp Info: Setting augie sub-encoding to TS1/5 on input line 302.
Package textcomp Info: Setting dayrom sub-encoding to TS1/3 on input line 303.
Package textcomp Info: Setting dayroms sub-encoding to TS1/3 on input line 304.

Package textcomp Info: Setting pxr sub-encoding to TS1/0 on input line 305.
Package textcomp Info: Setting pxss sub-encoding to TS1/0 on input line 306.
Package textcomp Info: Setting pxtt sub-encoding to TS1/0 on input line 307.
Package textcomp Info: Setting txr sub-encoding to TS1/0 on input line 308.
Package textcomp Info: Setting txss sub-encoding to TS1/0 on input line 309.
Package textcomp Info: Setting txtt sub-encoding to TS1/0 on input line 310.
Package textcomp Info: Setting lmr sub-encoding to TS1/0 on input line 311.
Package textcomp Info: Setting lmdh sub-encoding to TS1/0 on input line 312.
Package textcomp Info: Setting lmss sub-encoding to TS1/0 on input line 313.
Package textcomp Info: Setting lmssq sub-encoding to TS1/0 on input line 314.
Package textcomp Info: Setting lmvtt sub-encoding to TS1/0 on input line 315.
Package textcomp Info: Setting qhv sub-encoding to TS1/0 on input line 316.
Package textcomp Info: Setting qag sub-encoding to TS1/0 on input line 317.
Package textcomp Info: Setting qbk sub-encoding to TS1/0 on input line 318.
Package textcomp Info: Setting qcr sub-encoding to TS1/0 on input line 319.
Package textcomp Info: Setting qcs sub-encoding to TS1/0 on input line 320.
Package textcomp Info: Setting qpl sub-encoding to TS1/0 on input line 321.
Package textcomp Info: Setting qtm sub-encoding to TS1/0 on input line 322.
Package textcomp Info: Setting qzc sub-encoding to TS1/0 on input line 323.
Package textcomp Info: Setting qhvc sub-encoding to TS1/0 on input line 324.
Package textcomp Info: Setting futs sub-encoding to TS1/4 on input line 325.
Package textcomp Info: Setting futx sub-encoding to TS1/4 on input line 326.
Package textcomp Info: Setting futj sub-encoding to TS1/4 on input line 327.
Package textcomp Info: Setting hlh sub-encoding to TS1/3 on input line 328.
Package textcomp Info: Setting hls sub-encoding to TS1/3 on input line 329.
Package textcomp Info: Setting hlst sub-encoding to TS1/3 on input line 330.
Package textcomp Info: Setting hlct sub-encoding to TS1/5 on input line 331.
Package textcomp Info: Setting hlx sub-encoding to TS1/5 on input line 332.
Package textcomp Info: Setting hlce sub-encoding to TS1/5 on input line 333.
Package textcomp Info: Setting hlcn sub-encoding to TS1/5 on input line 334.
Package textcomp Info: Setting hlcw sub-encoding to TS1/5 on input line 335.
Package textcomp Info: Setting hlcf sub-encoding to TS1/5 on input line 336.
Package textcomp Info: Setting pplx sub-encoding to TS1/3 on input line 337.
Package textcomp Info: Setting pplj sub-encoding to TS1/3 on input line 338.
Package textcomp Info: Setting ptmx sub-encoding to TS1/4 on input line 339.
Package textcomp Info: Setting ptmj sub-encoding to TS1/4 on input line 340.
))
(C:\trinh-m-q\tex\latex\misc\mweights.sty
Package: mweights 2013/07/21 (Bob Tennent) Support package for multiple-weight 
font packages. 
LaTeX Info: Redefining \bfseries on input line 22.
LaTeX Info: Redefining \mdseries on input line 29.
LaTeX Info: Redefining \rmfamily on input line 36.
LaTeX Info: Redefining \sffamily on input line 53.
LaTeX Info: Redefining \ttfamily on input line 70.
)
(C:\Users\Minh-Tam\AppData\Roaming\MiKTeX\2.9\tex\latex\libertine\libertine.sty
Package: libertine 2014/02/19 (Bob Tennent) Supports Libertine and Biolinum fon
ts for all LaTeX engines.
("C:\Program Files (x86)\MiKTeX 2.9\tex\latex\xkeyval\xkeyval.sty"
Package: xkeyval 2012/10/14 v2.6b package option processing (HA)

("C:\Program Files (x86)\MiKTeX 2.9\tex\generic\xkeyval\xkeyval.tex"
\XKV@toks=\toks32
\XKV@tempa@toks=\toks33
\XKV@depth=\count123
File: xkeyval.tex 2012/10/14 v2.6b key=value parser (HA)
))
("C:\Program Files (x86)\MiKTeX 2.9\tex\latex\base\fontenc.sty"
Package: fontenc 2005/09/27 v1.99g Standard LaTeX package
)
LaTeX Info: Redefining \textsu on input line 450.

(C:\Users\Minh-Tam\AppData\Roaming\MiKTeX\2.9\tex\latex\libertine\LinLibertine_
I.tex))
(C:\Users\Minh-Tam\AppData\Roaming\MiKTeX\2.9\tex\latex\inconsolata\zi4.sty
Package: zi4 2014/06/22 v1.05

`inconsolata-zi4' v1.05, 2014/06/22 Text macros for Inconsolata (msharpe)
\zifour@ocount=\count124
)
(C:\Users\Minh-Tam\AppData\Roaming\MiKTeX\2.9\tex\latex\newtx\newtxmath.sty
Package: newtxmath 2014/09/28 v1.29

`newtxmath' v1.29, 2014/09/28 Math macros based on txfonts (msharpe)
(C:\Users\Minh-Tam\AppData\Roaming\MiKTeX\2.9\tex\generic\binhex\binhex.tex)
\tx@Isdigit=\count125
LaTeX Font Info:    Redeclaring symbol font `operators' on input line 103.
LaTeX Font Info:    Encoding `OT1' has changed to `T1' for symbol font
(Font)              `operators' in the math version `normal' on input line 103.

LaTeX Font Info:    Overwriting symbol font `operators' in version `normal'
(Font)                  OT1/cmr/m/n --> T1/zgmx/m/n on input line 103.
LaTeX Font Info:    Encoding `OT1' has changed to `T1' for symbol font
(Font)              `operators' in the math version `bold' on input line 103.
LaTeX Font Info:    Overwriting symbol font `operators' in version `bold'
(Font)                  OT1/cmr/bx/n --> T1/zgmx/m/n on input line 103.
LaTeX Font Info:    Overwriting symbol font `operators' in version `bold'
(Font)                  T1/zgmx/m/n --> T1/zgmx/sb/n on input line 104.
LaTeX Font Info:    Redeclaring math alphabet \mathsf on input line 110.
LaTeX Font Info:    Overwriting math alphabet `\mathsf' in version `normal'
(Font)                  OT1/cmss/m/n --> T1/LinuxBiolinumT-TLF/m/n on input lin
e 110.
LaTeX Font Info:    Overwriting math alphabet `\mathsf' in version `bold'
(Font)                  OT1/cmss/bx/n --> T1/LinuxBiolinumT-TLF/m/n on input li
ne 110.
LaTeX Font Info:    Redeclaring math alphabet \mathit on input line 111.
LaTeX Font Info:    Overwriting math alphabet `\mathit' in version `normal'
(Font)                  OT1/cmr/m/it --> T1/zgmx/m/it on input line 111.
LaTeX Font Info:    Overwriting math alphabet `\mathit' in version `bold'
(Font)                  OT1/cmr/bx/it --> T1/zgmx/m/it on input line 111.
LaTeX Font Info:    Redeclaring math alphabet \mathtt on input line 112.
LaTeX Font Info:    Overwriting math alphabet `\mathtt' in version `normal'
(Font)                  OT1/cmtt/m/n --> T1/zi4/m/n on input line 112.
LaTeX Font Info:    Overwriting math alphabet `\mathtt' in version `bold'
(Font)                  OT1/cmtt/m/n --> T1/zi4/m/n on input line 112.
LaTeX Font Info:    Redeclaring math alphabet \mathbf on input line 114.
LaTeX Font Info:    Overwriting math alphabet `\mathbf' in version `normal'
(Font)                  OT1/cmr/bx/n --> T1/zgmx/sb/n on input line 114.
LaTeX Font Info:    Overwriting math alphabet `\mathbf' in version `bold'
(Font)                  OT1/cmr/bx/n --> T1/zgmx/sb/n on input line 114.
LaTeX Font Info:    Overwriting math alphabet `\mathit' in version `bold'
(Font)                  T1/zgmx/m/it --> T1/zgmx/sb/it on input line 115.
LaTeX Font Info:    Overwriting math alphabet `\mathsf' in version `bold'
(Font)                  T1/LinuxBiolinumT-TLF/m/n --> T1/LinuxBiolinumT-TLF/b/n
 on input line 116.
LaTeX Font Info:    Overwriting math alphabet `\mathtt' in version `bold'
(Font)                  T1/zi4/m/n --> T1/zi4/b/n on input line 117.
LaTeX Font Info:    Redeclaring symbol font `letters' on input line 133.
LaTeX Font Info:    Overwriting symbol font `letters' in version `normal'
(Font)                  OML/cmm/m/it --> OML/zgmmi/m/it on input line 133.
LaTeX Font Info:    Overwriting symbol font `letters' in version `bold'
(Font)                  OML/cmm/b/it --> OML/zgmmi/m/it on input line 133.
LaTeX Font Info:    Overwriting symbol font `letters' in version `bold'
(Font)                  OML/zgmmi/m/it --> OML/zgmmi/b/it on input line 134.
\symlettersA=\mathgroup6
LaTeX Font Info:    Overwriting symbol font `lettersA' in version `bold'
(Font)                  U/ntxmia/m/it --> U/ntxmia/b/it on input line 161.
LaTeX Font Info:    Redeclaring math alphabet \mathfrak on input line 163.
LaTeX Font Info:    Redeclaring symbol font `symbols' on input line 169.
LaTeX Font Info:    Overwriting symbol font `symbols' in version `normal'
(Font)                  OMS/cmsy/m/n --> OMS/ntxsy/m/n on input line 169.
LaTeX Font Info:    Overwriting symbol font `symbols' in version `bold'
(Font)                  OMS/cmsy/b/n --> OMS/ntxsy/m/n on input line 169.
LaTeX Font Info:    Overwriting symbol font `symbols' in version `bold'
(Font)                  OMS/ntxsy/m/n --> OMS/ntxsy/b/n on input line 170.
LaTeX Font Info:    Redeclaring symbol font `AMSa' on input line 185.
LaTeX Font Info:    Overwriting symbol font `AMSa' in version `normal'
(Font)                  U/msa/m/n --> U/ntxsya/m/n on input line 185.
LaTeX Font Info:    Overwriting symbol font `AMSa' in version `bold'
(Font)                  U/msa/m/n --> U/ntxsya/m/n on input line 185.
LaTeX Font Info:    Overwriting symbol font `AMSa' in version `bold'
(Font)                  U/ntxsya/m/n --> U/ntxsya/b/n on input line 186.
LaTeX Font Info:    Redeclaring symbol font `AMSb' on input line 194.
LaTeX Font Info:    Overwriting symbol font `AMSb' in version `normal'
(Font)                  U/msb/m/n --> U/ntxsyb/m/n on input line 194.
LaTeX Font Info:    Overwriting symbol font `AMSb' in version `bold'
(Font)                  U/msb/m/n --> U/ntxsyb/m/n on input line 194.
LaTeX Font Info:    Overwriting symbol font `AMSb' in version `bold'
(Font)                  U/ntxsyb/m/n --> U/ntxsyb/b/n on input line 195.
\symsymbolsC=\mathgroup7
LaTeX Font Info:    Overwriting symbol font `symbolsC' in version `bold'
(Font)                  U/ntxsyc/m/n --> U/ntxsyc/b/n on input line 206.
LaTeX Font Info:    Redeclaring symbol font `largesymbols' on input line 219.
LaTeX Font Info:    Encoding `OMX' has changed to `LMX' for symbol font
(Font)              `largesymbols' in the math version `normal' on input line 2
19.
LaTeX Font Info:    Overwriting symbol font `largesymbols' in version `normal'
(Font)                  OMX/cmex/m/n --> LMX/ntxexx/m/n on input line 219.
LaTeX Font Info:    Encoding `OMX' has changed to `LMX' for symbol font
(Font)              `largesymbols' in the math version `bold' on input line 219
.
LaTeX Font Info:    Overwriting symbol font `largesymbols' in version `bold'
(Font)                  OMX/cmex/m/n --> LMX/ntxexx/m/n on input line 219.
LaTeX Font Info:    Overwriting symbol font `largesymbols' in version `bold'
(Font)                  LMX/ntxexx/m/n --> LMX/ntxexx/b/n on input line 220.
\symlargesymbolsTXA=\mathgroup8
LaTeX Font Info:    Overwriting symbol font `largesymbolsTXA' in version `bold'

(Font)                  U/ntxexa/m/n --> U/ntxexa/b/n on input line 234.
LaTeX Font Info:    Redeclaring math delimiter \lfloor on input line 318.
LaTeX Font Info:    Redeclaring math delimiter \rfloor on input line 319.
LaTeX Font Info:    Redeclaring math delimiter \lceil on input line 320.
LaTeX Font Info:    Redeclaring math delimiter \rceil on input line 321.
LaTeX Font Info:    Redeclaring math delimiter \lbrace on input line 322.
LaTeX Font Info:    Redeclaring math delimiter \rbrace on input line 323.
LaTeX Font Info:    Redeclaring math delimiter \langle on input line 324.
LaTeX Font Info:    Redeclaring math delimiter \rangle on input line 326.
LaTeX Font Info:    Redeclaring math symbol \mid on input line 328.
LaTeX Font Info:    Redeclaring math delimiter \arrowvert on input line 330.
LaTeX Font Info:    Redeclaring math delimiter \vert on input line 331.
LaTeX Font Info:    Redeclaring math delimiter \Arrowvert on input line 333.
LaTeX Font Info:    Redeclaring math delimiter \Vert on input line 334.
LaTeX Font Info:    Redeclaring math delimiter \updownarrow on input line 336.
LaTeX Font Info:    Redeclaring math delimiter \Updownarrow on input line 337.
LaTeX Info: Redefining \not on input line 1611.
LaTeX Info: Redefining \textsquare on input line 1631.
LaTeX Info: Redefining \openbox on input line 1632.
)
\c@thm=\count126
)
(C:\Users\Minh-Tam\AppData\Roaming\MiKTeX\2.9\tex\latex\stmaryrd\stmaryrd.sty
Package: stmaryrd 1994/03/03 St Mary's Road symbol package
\symstmry=\mathgroup9
LaTeX Font Info:    Overwriting symbol font `stmry' in version `bold'
(Font)                  U/stmry/m/n --> U/stmry/b/n on input line 89.
)
(C:\trinh-m-q\tex\latex\misc\tikz-cd\tikz-cd\tikz-cd.sty
Package: tikz-cd 2012/12/30 v0.3c Commutative diagrams with tikz.

(C:\Users\Minh-Tam\AppData\Roaming\MiKTeX\2.9\tex\latex\pgf\frontendlayer\tikz.
sty
(C:\Users\Minh-Tam\AppData\Roaming\MiKTeX\2.9\tex\latex\pgf\basiclayer\pgf.sty
(C:\Users\Minh-Tam\AppData\Roaming\MiKTeX\2.9\tex\latex\pgf\utilities\pgfrcs.st
y
(C:\Users\Minh-Tam\AppData\Roaming\MiKTeX\2.9\tex\generic\pgf\utilities\pgfutil
-common.tex
\pgfutil@everybye=\toks34
\pgfutil@tempdima=\dimen133
\pgfutil@tempdimb=\dimen134

(C:\Users\Minh-Tam\AppData\Roaming\MiKTeX\2.9\tex\generic\pgf\utilities\pgfutil
-common-lists.tex))
(C:\Users\Minh-Tam\AppData\Roaming\MiKTeX\2.9\tex\generic\pgf\utilities\pgfutil
-latex.def
\pgfutil@abb=\box29

(C:\Users\Minh-Tam\AppData\Roaming\MiKTeX\2.9\tex\latex\ms\everyshi.sty
Package: everyshi 2001/05/15 v3.00 EveryShipout Package (MS)
))
(C:\Users\Minh-Tam\AppData\Roaming\MiKTeX\2.9\tex\generic\pgf\utilities\pgfrcs.
code.tex
Package: pgfrcs 2013/12/20 v3.0.0 (rcs-revision 1.28)
))
Package: pgf 2013/12/18 v3.0.0 (rcs-revision 1.14)

(C:\Users\Minh-Tam\AppData\Roaming\MiKTeX\2.9\tex\latex\pgf\basiclayer\pgfcore.
sty
(C:\Users\Minh-Tam\AppData\Roaming\MiKTeX\2.9\tex\latex\pgf\systemlayer\pgfsys.
sty
(C:\Users\Minh-Tam\AppData\Roaming\MiKTeX\2.9\tex\generic\pgf\systemlayer\pgfsy
s.code.tex
Package: pgfsys 2013/11/30 v3.0.0 (rcs-revision 1.47)

(C:\Users\Minh-Tam\AppData\Roaming\MiKTeX\2.9\tex\generic\pgf\utilities\pgfkeys
.code.tex
\pgfkeys@pathtoks=\toks35
\pgfkeys@temptoks=\toks36

(C:\Users\Minh-Tam\AppData\Roaming\MiKTeX\2.9\tex\generic\pgf\utilities\pgfkeys
filtered.code.tex
\pgfkeys@tmptoks=\toks37
))
\pgf@x=\dimen135
\pgf@y=\dimen136
\pgf@xa=\dimen137
\pgf@ya=\dimen138
\pgf@xb=\dimen139
\pgf@yb=\dimen140
\pgf@xc=\dimen141
\pgf@yc=\dimen142
\w@pgf@writea=\write3
\r@pgf@reada=\read2
\c@pgf@counta=\count127
\c@pgf@countb=\count128
\c@pgf@countc=\count129
\c@pgf@countd=\count130
\t@pgf@toka=\toks38
\t@pgf@tokb=\toks39
\t@pgf@tokc=\toks40

(C:\Users\Minh-Tam\AppData\Roaming\MiKTeX\2.9\tex\generic\pgf\systemlayer\pgf.c
fg
File: pgf.cfg 2008/05/14  (rcs-revision 1.7)
)
Driver file for pgf: pgfsys-pdftex.def

(C:\Users\Minh-Tam\AppData\Roaming\MiKTeX\2.9\tex\generic\pgf\systemlayer\pgfsy
s-pdftex.def
File: pgfsys-pdftex.def 2013/07/18  (rcs-revision 1.33)

(C:\Users\Minh-Tam\AppData\Roaming\MiKTeX\2.9\tex\generic\pgf\systemlayer\pgfsy
s-common-pdf.def
File: pgfsys-common-pdf.def 2013/10/10  (rcs-revision 1.13)
)))
(C:\Users\Minh-Tam\AppData\Roaming\MiKTeX\2.9\tex\generic\pgf\systemlayer\pgfsy
ssoftpath.code.tex
File: pgfsyssoftpath.code.tex 2013/09/09  (rcs-revision 1.9)
\pgfsyssoftpath@smallbuffer@items=\count131
\pgfsyssoftpath@bigbuffer@items=\count132
)
(C:\Users\Minh-Tam\AppData\Roaming\MiKTeX\2.9\tex\generic\pgf\systemlayer\pgfsy
sprotocol.code.tex
File: pgfsysprotocol.code.tex 2006/10/16  (rcs-revision 1.4)
))
(C:\Users\Minh-Tam\AppData\Roaming\MiKTeX\2.9\tex\latex\xcolor\xcolor.sty
Package: xcolor 2007/01/21 v2.11 LaTeX color extensions (UK)

("C:\Program Files (x86)\MiKTeX 2.9\tex\latex\00miktex\color.cfg"
File: color.cfg 2007/01/18 v1.5 color configuration of teTeX/TeXLive
)
Package xcolor Info: Driver file: pdftex.def on input line 225.
Package xcolor Info: Model `cmy' substituted by `cmy0' on input line 1337.
Package xcolor Info: Model `hsb' substituted by `rgb' on input line 1341.
Package xcolor Info: Model `RGB' extended on input line 1353.
Package xcolor Info: Model `HTML' substituted by `rgb' on input line 1355.
Package xcolor Info: Model `Hsb' substituted by `hsb' on input line 1356.
Package xcolor Info: Model `tHsb' substituted by `hsb' on input line 1357.
Package xcolor Info: Model `HSB' substituted by `hsb' on input line 1358.
Package xcolor Info: Model `Gray' substituted by `gray' on input line 1359.
Package xcolor Info: Model `wave' substituted by `hsb' on input line 1360.
)
(C:\Users\Minh-Tam\AppData\Roaming\MiKTeX\2.9\tex\generic\pgf\basiclayer\pgfcor
e.code.tex
Package: pgfcore 2010/04/11 v3.0.0 (rcs-revision 1.7)

(C:\Users\Minh-Tam\AppData\Roaming\MiKTeX\2.9\tex\generic\pgf\math\pgfmath.code
.tex
(C:\Users\Minh-Tam\AppData\Roaming\MiKTeX\2.9\tex\generic\pgf\math\pgfmathcalc.
code.tex
(C:\Users\Minh-Tam\AppData\Roaming\MiKTeX\2.9\tex\generic\pgf\math\pgfmathutil.
code.tex)
(C:\Users\Minh-Tam\AppData\Roaming\MiKTeX\2.9\tex\generic\pgf\math\pgfmathparse
r.code.tex
\pgfmath@dimen=\dimen143
\pgfmath@count=\count133
\pgfmath@box=\box30
\pgfmath@toks=\toks41
\pgfmath@stack@operand=\toks42
\pgfmath@stack@operation=\toks43
)
(C:\Users\Minh-Tam\AppData\Roaming\MiKTeX\2.9\tex\generic\pgf\math\pgfmathfunct
ions.code.tex
(C:\Users\Minh-Tam\AppData\Roaming\MiKTeX\2.9\tex\generic\pgf\math\pgfmathfunct
ions.basic.code.tex)
(C:\Users\Minh-Tam\AppData\Roaming\MiKTeX\2.9\tex\generic\pgf\math\pgfmathfunct
ions.trigonometric.code.tex)
(C:\Users\Minh-Tam\AppData\Roaming\MiKTeX\2.9\tex\generic\pgf\math\pgfmathfunct
ions.random.code.tex)
(C:\Users\Minh-Tam\AppData\Roaming\MiKTeX\2.9\tex\generic\pgf\math\pgfmathfunct
ions.comparison.code.tex)
(C:\Users\Minh-Tam\AppData\Roaming\MiKTeX\2.9\tex\generic\pgf\math\pgfmathfunct
ions.base.code.tex)
(C:\Users\Minh-Tam\AppData\Roaming\MiKTeX\2.9\tex\generic\pgf\math\pgfmathfunct
ions.round.code.tex)
(C:\Users\Minh-Tam\AppData\Roaming\MiKTeX\2.9\tex\generic\pgf\math\pgfmathfunct
ions.misc.code.tex)
(C:\Users\Minh-Tam\AppData\Roaming\MiKTeX\2.9\tex\generic\pgf\math\pgfmathfunct
ions.integerarithmetics.code.tex)))
(C:\Users\Minh-Tam\AppData\Roaming\MiKTeX\2.9\tex\generic\pgf\math\pgfmathfloat
.code.tex
\c@pgfmathroundto@lastzeros=\count134
))
(C:\Users\Minh-Tam\AppData\Roaming\MiKTeX\2.9\tex\generic\pgf\basiclayer\pgfcor
epoints.code.tex
File: pgfcorepoints.code.tex 2013/10/07  (rcs-revision 1.27)
\pgf@picminx=\dimen144
\pgf@picmaxx=\dimen145
\pgf@picminy=\dimen146
\pgf@picmaxy=\dimen147
\pgf@pathminx=\dimen148
\pgf@pathmaxx=\dimen149
\pgf@pathminy=\dimen150
\pgf@pathmaxy=\dimen151
\pgf@xx=\dimen152
\pgf@xy=\dimen153
\pgf@yx=\dimen154
\pgf@yy=\dimen155
\pgf@zx=\dimen156
\pgf@zy=\dimen157
)
(C:\Users\Minh-Tam\AppData\Roaming\MiKTeX\2.9\tex\generic\pgf\basiclayer\pgfcor
epathconstruct.code.tex
File: pgfcorepathconstruct.code.tex 2013/10/07  (rcs-revision 1.29)
\pgf@path@lastx=\dimen158
\pgf@path@lasty=\dimen159
)
(C:\Users\Minh-Tam\AppData\Roaming\MiKTeX\2.9\tex\generic\pgf\basiclayer\pgfcor
epathusage.code.tex
File: pgfcorepathusage.code.tex 2013/12/13  (rcs-revision 1.23)
\pgf@shorten@end@additional=\dimen160
\pgf@shorten@start@additional=\dimen161
)
(C:\Users\Minh-Tam\AppData\Roaming\MiKTeX\2.9\tex\generic\pgf\basiclayer\pgfcor
escopes.code.tex
File: pgfcorescopes.code.tex 2013/10/09  (rcs-revision 1.44)
\pgfpic=\box31
\pgf@hbox=\box32
\pgf@layerbox@main=\box33
\pgf@picture@serial@count=\count135
)
(C:\Users\Minh-Tam\AppData\Roaming\MiKTeX\2.9\tex\generic\pgf\basiclayer\pgfcor
egraphicstate.code.tex
File: pgfcoregraphicstate.code.tex 2013/09/19  (rcs-revision 1.11)
\pgflinewidth=\dimen162
)
(C:\Users\Minh-Tam\AppData\Roaming\MiKTeX\2.9\tex\generic\pgf\basiclayer\pgfcor
etransformations.code.tex
File: pgfcoretransformations.code.tex 2013/10/10  (rcs-revision 1.17)
\pgf@pt@x=\dimen163
\pgf@pt@y=\dimen164
\pgf@pt@temp=\dimen165
)
(C:\Users\Minh-Tam\AppData\Roaming\MiKTeX\2.9\tex\generic\pgf\basiclayer\pgfcor
equick.code.tex
File: pgfcorequick.code.tex 2008/10/09  (rcs-revision 1.3)
)
(C:\Users\Minh-Tam\AppData\Roaming\MiKTeX\2.9\tex\generic\pgf\basiclayer\pgfcor
eobjects.code.tex
File: pgfcoreobjects.code.tex 2006/10/11  (rcs-revision 1.2)
)
(C:\Users\Minh-Tam\AppData\Roaming\MiKTeX\2.9\tex\generic\pgf\basiclayer\pgfcor
epathprocessing.code.tex
File: pgfcorepathprocessing.code.tex 2013/09/09  (rcs-revision 1.9)
)
(C:\Users\Minh-Tam\AppData\Roaming\MiKTeX\2.9\tex\generic\pgf\basiclayer\pgfcor
earrows.code.tex
File: pgfcorearrows.code.tex 2013/11/07  (rcs-revision 1.40)
\pgfarrowsep=\dimen166
)
(C:\Users\Minh-Tam\AppData\Roaming\MiKTeX\2.9\tex\generic\pgf\basiclayer\pgfcor
eshade.code.tex
File: pgfcoreshade.code.tex 2013/07/15  (rcs-revision 1.15)
\pgf@max=\dimen167
\pgf@sys@shading@range@num=\count136
)
(C:\Users\Minh-Tam\AppData\Roaming\MiKTeX\2.9\tex\generic\pgf\basiclayer\pgfcor
eimage.code.tex
File: pgfcoreimage.code.tex 2013/07/15  (rcs-revision 1.18)

(C:\Users\Minh-Tam\AppData\Roaming\MiKTeX\2.9\tex\generic\pgf\basiclayer\pgfcor
eexternal.code.tex
File: pgfcoreexternal.code.tex 2013/07/15  (rcs-revision 1.20)
\pgfexternal@startupbox=\box34
))
(C:\Users\Minh-Tam\AppData\Roaming\MiKTeX\2.9\tex\generic\pgf\basiclayer\pgfcor
elayers.code.tex
File: pgfcorelayers.code.tex 2013/07/18  (rcs-revision 1.7)
)
(C:\Users\Minh-Tam\AppData\Roaming\MiKTeX\2.9\tex\generic\pgf\basiclayer\pgfcor
etransparency.code.tex
File: pgfcoretransparency.code.tex 2013/09/30  (rcs-revision 1.5)
)
(C:\Users\Minh-Tam\AppData\Roaming\MiKTeX\2.9\tex\generic\pgf\basiclayer\pgfcor
epatterns.code.tex
File: pgfcorepatterns.code.tex 2013/11/07  (rcs-revision 1.5)
)))
(C:\Users\Minh-Tam\AppData\Roaming\MiKTeX\2.9\tex\generic\pgf\modules\pgfmodule
shapes.code.tex
File: pgfmoduleshapes.code.tex 2013/10/31  (rcs-revision 1.34)
\pgfnodeparttextbox=\box35
)
(C:\Users\Minh-Tam\AppData\Roaming\MiKTeX\2.9\tex\generic\pgf\modules\pgfmodule
plot.code.tex
File: pgfmoduleplot.code.tex 2013/07/31  (rcs-revision 1.12)
)
(C:\Users\Minh-Tam\AppData\Roaming\MiKTeX\2.9\tex\latex\pgf\compatibility\pgfco
mp-version-0-65.sty
Package: pgfcomp-version-0-65 2007/07/03 v3.0.0 (rcs-revision 1.7)
\pgf@nodesepstart=\dimen168
\pgf@nodesepend=\dimen169
)
(C:\Users\Minh-Tam\AppData\Roaming\MiKTeX\2.9\tex\latex\pgf\compatibility\pgfco
mp-version-1-18.sty
Package: pgfcomp-version-1-18 2007/07/23 v3.0.0 (rcs-revision 1.1)
))
(C:\Users\Minh-Tam\AppData\Roaming\MiKTeX\2.9\tex\latex\pgf\utilities\pgffor.st
y
(C:\Users\Minh-Tam\AppData\Roaming\MiKTeX\2.9\tex\latex\pgf\utilities\pgfkeys.s
ty
(C:\Users\Minh-Tam\AppData\Roaming\MiKTeX\2.9\tex\generic\pgf\utilities\pgfkeys
.code.tex))
(C:\Users\Minh-Tam\AppData\Roaming\MiKTeX\2.9\tex\latex\pgf\math\pgfmath.sty
(C:\Users\Minh-Tam\AppData\Roaming\MiKTeX\2.9\tex\generic\pgf\math\pgfmath.code
.tex))
(C:\Users\Minh-Tam\AppData\Roaming\MiKTeX\2.9\tex\generic\pgf\utilities\pgffor.
code.tex
Package: pgffor 2013/12/13 v3.0.0 (rcs-revision 1.25)

(C:\Users\Minh-Tam\AppData\Roaming\MiKTeX\2.9\tex\generic\pgf\math\pgfmath.code
.tex)
\pgffor@iter=\dimen170
\pgffor@skip=\dimen171
\pgffor@stack=\toks44
\pgffor@toks=\toks45
))
(C:\Users\Minh-Tam\AppData\Roaming\MiKTeX\2.9\tex\generic\pgf\frontendlayer\tik
z\tikz.code.tex
Package: tikz 2013/12/13 v3.0.0 (rcs-revision 1.142)

(C:\Users\Minh-Tam\AppData\Roaming\MiKTeX\2.9\tex\generic\pgf\libraries\pgflibr
aryplothandlers.code.tex
File: pgflibraryplothandlers.code.tex 2013/08/31 v3.0.0 (rcs-revision 1.20)
\pgf@plot@mark@count=\count137
\pgfplotmarksize=\dimen172
)
\tikz@lastx=\dimen173
\tikz@lasty=\dimen174
\tikz@lastxsaved=\dimen175
\tikz@lastysaved=\dimen176
\tikzleveldistance=\dimen177
\tikzsiblingdistance=\dimen178
\tikz@figbox=\box36
\tikz@figbox@bg=\box37
\tikz@tempbox=\box38
\tikz@tempbox@bg=\box39
\tikztreelevel=\count138
\tikznumberofchildren=\count139
\tikznumberofcurrentchild=\count140
\tikz@fig@count=\count141

(C:\Users\Minh-Tam\AppData\Roaming\MiKTeX\2.9\tex\generic\pgf\modules\pgfmodule
matrix.code.tex
File: pgfmodulematrix.code.tex 2013/09/17  (rcs-revision 1.8)
\pgfmatrixcurrentrow=\count142
\pgfmatrixcurrentcolumn=\count143
\pgf@matrix@numberofcolumns=\count144
)
\tikz@expandcount=\count145

(C:\Users\Minh-Tam\AppData\Roaming\MiKTeX\2.9\tex\generic\pgf\frontendlayer\tik
z\libraries\tikzlibrarytopaths.code.tex
File: tikzlibrarytopaths.code.tex 2008/06/17 v3.0.0 (rcs-revision 1.2)
)))
(C:\Users\Minh-Tam\AppData\Roaming\MiKTeX\2.9\tex\generic\pgf\frontendlayer\tik
z\libraries\tikzlibrarymatrix.code.tex
File: tikzlibrarymatrix.code.tex 2013/07/12 v3.0.0 (rcs-revision 1.4)
))
LaTeX Font Info:    Try loading font information for T1+zgmx on input line 39.

(C:\Users\Minh-Tam\AppData\Roaming\MiKTeX\2.9\tex\latex\garamondx\t1zgmx.fd
File: t1zgmx.fd 2012/10/29 Fontinst v1.933 font definitions for T1/zgmx.
)
(C:\Users\Minh-Tam\Dropbox\work_math\math_formal\work_alg-geo\build\trinh_alg-g
eo_00.aux)
LaTeX Font Info:    Checking defaults for OML/zgmmi/m/it on input line 39.
LaTeX Font Info:    Try loading font information for OML+zgmmi on input line 39
.

(C:\Users\Minh-Tam\AppData\Roaming\MiKTeX\2.9\tex\latex\garamondx\omlzgmmi.fd
File: omlzgmmi.fd 2012/11/18 Fontinst v1.933 font definitions for OML/zgmmi.
)
LaTeX Font Info:    ... okay on input line 39.
LaTeX Font Info:    Checking defaults for T1/cmr/m/n on input line 39.
LaTeX Font Info:    ... okay on input line 39.
LaTeX Font Info:    Checking defaults for OT1/cmr/m/n on input line 39.
LaTeX Font Info:    ... okay on input line 39.
LaTeX Font Info:    Checking defaults for OMS/ntxsy/m/n on input line 39.
LaTeX Font Info:    Try loading font information for OMS+ntxsy on input line 39
.

(C:\Users\Minh-Tam\AppData\Roaming\MiKTeX\2.9\tex\latex\newtx\omsntxsy.fd
File: omsntxsy.fd 2012/11/14 Fontinst v1.933 font definitions for OMS/ntxsy.
)
LaTeX Font Info:    ... okay on input line 39.
LaTeX Font Info:    Checking defaults for OMX/cmex/m/n on input line 39.
LaTeX Font Info:    ... okay on input line 39.
LaTeX Font Info:    Checking defaults for U/ntxexa/m/n on input line 39.
LaTeX Font Info:    Try loading font information for U+ntxexa on input line 39.


(C:\Users\Minh-Tam\AppData\Roaming\MiKTeX\2.9\tex\latex\newtx\untxexa.fd
File: untxexa.fd 2012/04/16 Fontinst v1.933 font definitions for U/ntxexa.
)
LaTeX Font Info:    ... okay on input line 39.
LaTeX Font Info:    Checking defaults for PD1/pdf/m/n on input line 39.
LaTeX Font Info:    ... okay on input line 39.
LaTeX Font Info:    Checking defaults for TS1/cmr/m/n on input line 39.
LaTeX Font Info:    Try loading font information for TS1+cmr on input line 39.

("C:\Program Files (x86)\MiKTeX 2.9\tex\latex\base\ts1cmr.fd"
File: ts1cmr.fd 1999/05/25 v2.5h Standard LaTeX font definitions
)
LaTeX Font Info:    ... okay on input line 39.
LaTeX Font Info:    Checking defaults for LMX/ntxexx/m/n on input line 39.
LaTeX Font Info:    ... okay on input line 39.
LaTeX Font Info:    Try loading font information for U+ntxsya on input line 39.


(C:\Users\Minh-Tam\AppData\Roaming\MiKTeX\2.9\tex\latex\newtx\untxsya.fd
File: untxsya.fd 2012/04/12 Fontinst v1.933 font definitions for U/ntxsya.
)
LaTeX Font Info:    Try loading font information for U+ntxsyb on input line 39.


(C:\Users\Minh-Tam\AppData\Roaming\MiKTeX\2.9\tex\latex\newtx\untxsyb.fd
File: untxsyb.fd 2012/04/12 Fontinst v1.933 font definitions for U/ntxsyb.
)
LaTeX Font Info:    Try loading font information for U+ntxmia on input line 39.


(C:\Users\Minh-Tam\AppData\Roaming\MiKTeX\2.9\tex\latex\newtx\untxmia.fd
File: untxmia.fd 2012/04/16 Fontinst v1.933 font definitions for U/ntxmia.
)
LaTeX Font Info:    Try loading font information for U+ntxsyc on input line 39.


(C:\Users\Minh-Tam\AppData\Roaming\MiKTeX\2.9\tex\latex\newtx\untxsyc.fd
File: untxsyc.fd 2012/04/12 Fontinst v1.933 font definitions for U/ntxsyc.
)
LaTeX Font Info:    Try loading font information for U+stmry on input line 39.

(C:\Users\Minh-Tam\AppData\Roaming\MiKTeX\2.9\tex\latex\stmaryrd\ustmry.fd)

LaTeX Font Warning: Font shape `U/stmry/m/n' in size <5.5> not available
(Font)              size <5> substituted on input line 39.

*geometry* driver: auto-detecting
*geometry* detected driver: pdftex
*geometry* verbose mode - [ preamble ] result:
* driver: pdftex
* paper: <default>
* layout: <same size as paper>
* layoutoffset:(h,v)=(0.0pt,0.0pt)
* modes: includehead 
* h-part:(L,W,R)=(100.0pt, 414.295pt, 100.0pt)
* v-part:(T,H,B)=(100.0pt, 594.96999pt, 100.0pt)
* \paperwidth=614.295pt
* \paperheight=794.96999pt
* \textwidth=414.295pt
* \textheight=572.96999pt
* \oddsidemargin=27.73001pt
* \evensidemargin=27.73001pt
* \topmargin=27.73001pt
* \headheight=8.0pt
* \headsep=14.0pt
* \topskip=10.0pt
* \footskip=18.0pt
* \marginparwidth=90.0pt
* \marginparsep=11.0pt
* \columnsep=10.0pt
* \skip\footins=7.0pt plus 11.0pt
* \hoffset=0.0pt
* \voffset=0.0pt
* \mag=1000
* \@twocolumnfalse
* \@twosidefalse
* \@mparswitchfalse
* \@reversemarginfalse
* (1in=72.27pt=25.4mm, 1cm=28.453pt)

\AtBeginShipoutBox=\box40
Package hyperref Info: Link coloring ON on input line 39.
("C:\Program Files (x86)\MiKTeX 2.9\tex\latex\hyperref\nameref.sty"
Package: nameref 2012/10/27 v2.43 Cross-referencing by name of section

("C:\Program Files (x86)\MiKTeX 2.9\tex\generic\oberdiek\gettitlestring.sty"
Package: gettitlestring 2010/12/03 v1.4 Cleanup title references (HO)
)
\c@section@level=\count146
)
LaTeX Info: Redefining \ref on input line 39.
LaTeX Info: Redefining \pageref on input line 39.
LaTeX Info: Redefining \nameref on input line 39.

(C:\Users\Minh-Tam\Dropbox\work_math\math_formal\work_alg-geo\build\trinh_alg-g
eo_00.out)
(C:\Users\Minh-Tam\Dropbox\work_math\math_formal\work_alg-geo\build\trinh_alg-g
eo_00.out)
\@outlinefile=\write4
LaTeX Info: Redefining \microtypecontext on input line 39.
Package microtype Info: Generating PDF output.
Package microtype Info: Character protrusion enabled (level 2).
Package microtype Info: Using default protrusion set `alltext'.
Package microtype Info: Automatic font expansion enabled (level 2),
(microtype)             stretch: 20, shrink: 20, step: 1, non-selected.
Package microtype Info: Using default expansion set `basictext'.
Package microtype Info: No adjustment of tracking.
Package microtype Info: No adjustment of interword spacing.
Package microtype Info: No adjustment of character kerning.

(C:\Users\Minh-Tam\AppData\Roaming\MiKTeX\2.9\tex\latex\microtype\mt-ugm.cfg
File: mt-ugm.cfg 2006/01/26 v1.0 microtype config. file: URW Garamond (RS)
)
(C:\Users\Minh-Tam\AppData\Roaming\MiKTeX\2.9\tex\context\base\supp-pdf.mkii
[Loading MPS to PDF converter (version 2006.09.02).]
\scratchcounter=\count147
\scratchdimen=\dimen179
\scratchbox=\box41
\nofMPsegments=\count148
\nofMParguments=\count149
\everyMPshowfont=\toks46
\MPscratchCnt=\count150
\MPscratchDim=\dimen180
\MPnumerator=\count151
\makeMPintoPDFobject=\count152
\everyMPtoPDFconversion=\toks47
)
\c@mv@tabular=\count153
\c@mv@boldtabular=\count154
 (C:\Users\Minh-Tam\AppData\Roaming\MiKTeX\2.9\tex\latex\upquote\upquote.sty
Package: upquote 2012/04/19 v1.3 upright-quote and grave-accent glyphs in verba
tim
)
ABD: EveryShipout initializing macros [1




] [2]
Contents

(C:\Users\Minh-Tam\Dropbox\work_math\math_formal\work_alg-geo\build\trinh_alg-g
eo_00.toc)
\tf@toc=\write5
 [3


]
Conventions
LaTeX Font Info:    Try loading font information for T1+LinuxBiolinumT-TLF on i
nput line 66.

(C:\Users\Minh-Tam\AppData\Roaming\MiKTeX\2.9\tex\latex\libertine\t1linuxbiolin
umt-tlf.fd
File: T1LinuxBiolinumT-TLF.fd 2012/11/26 (autoinst) Font definitions for T1/Lin
uxBiolinumT-TLF.
)
LaTeX Font Info:    Font shape `T1/LinuxBiolinumT-TLF/m/n' will be
(Font)              scaled to size 10.0pt on input line 66.
Package microtype Info: Loading generic settings for font family
(microtype)             `LinuxBiolinumT-TLF' (encoding: T1).
(microtype)             For optimal results, create family-specific settings.
(microtype)             See the microtype manual for details.
LaTeX Font Info:    Font shape `T1/LinuxBiolinumT-TLF/m/n' will be
(Font)              scaled to size 7.3pt on input line 66.
LaTeX Font Info:    Font shape `T1/LinuxBiolinumT-TLF/m/n' will be
(Font)              scaled to size 5.5pt on input line 66.


Package amsfonts Warning: Obsolete command \frak; \mathfrak should be used inst
ead on input line 72.

[1




]
Chapter 0
LaTeX Font Info:    Try loading font information for U+eus on input line 88.
("C:\Program Files (x86)\MiKTeX 2.9\tex\latex\amsfonts\ueus.fd"
File: ueus.fd 2013/01/14 v3.01 Euler Script
)
(C:\Users\Minh-Tam\AppData\Roaming\MiKTeX\2.9\tex\latex\microtype\mt-eus.cfg
File: mt-eus.cfg 2006/07/28 v1.2 microtype config. file: AMS Euler Script (RS)
)
[2


] [3] [4]
Chapter 1
[5


] [6] [7] [8] [9] [10] [11] [12] [13] [14]
Chapter 2
[15


]
Chapter 3
[16


]
Chapter 4
[17


] [18] [19]
Chapter 5
[20


]
Bibliography
[21




]
Package atveryend Info: Empty hook `BeforeClearDocument' on input line 1197.
Package atveryend Info: Empty hook `AfterLastShipout' on input line 1197.

(C:\Users\Minh-Tam\Dropbox\work_math\math_formal\work_alg-geo\build\trinh_alg-g
eo_00.aux)
Package atveryend Info: Executing hook `AtVeryEndDocument' on input line 1197.
Package atveryend Info: Executing hook `AtEndAfterFileList' on input line 1197.

Package rerunfilecheck Info: File `trinh_alg-geo_00.out' has not changed.
(rerunfilecheck)             Checksum: 63BE659563EE25B26A8315859A448E75;1833.


LaTeX Font Warning: Size substitutions with differences
(Font)              up to 1.97499pt have occurred.

 ) 
Here is how much of TeX's memory you used:
 23153 strings out of 493921
 421712 string characters out of 3144924
 499387 words of memory out of 3000000
 25226 multiletter control sequences out of 15000+200000
 229962 words of font info for 422 fonts, out of 3000000 for 9000
 1002 hyphenation exceptions out of 8191
 61i,19n,70p,803b,933s stack positions out of 5000i,500n,10000p,200000b,50000s
{C:/Users/Minh-Tam/AppData/Roaming/MiKTeX/2.9/fonts/enc/dvips/garamondx/newg8
alt.enc}{C:/Users/Minh-Tam/AppData/Roaming/MiKTeX/2.9/fonts/enc/dvips/garamondx
/zgmt1.enc}{C:/Users/Minh-Tam/AppData/Roaming/MiKTeX/2.9/fonts/enc/dvips/newtx/
ntxmiaalt.enc}{C:/Users/Minh-Tam/AppData/Roaming/MiKTeX/2.9/fonts/enc/dvips/lib
ertine/lbtn_25tcsq.enc}<C:/Users/Minh-Tam/AppData/Roaming/MiKTeX/2.9/fonts/type
1/public/libertine/LinBiolinumT.pfb><C:/Users/Minh-Tam/AppData/Roaming/MiKTeX/2
.9/fonts/type1/public/garamondx/NewG8-Bol.pfb><C:/Users/Minh-Tam/AppData/Roamin
g/MiKTeX/2.9/fonts/type1/public/garamondx/NewG8-Ita.pfb><C:/Users/Minh-Tam/AppD
ata/Roaming/MiKTeX/2.9/fonts/type1/public/garamondx/NewG8-Reg-SC.pfb><C:/Users/
Minh-Tam/AppData/Roaming/MiKTeX/2.9/fonts/type1/public/garamondx/NewG8-Reg.pfb>
<C:/Program Files (x86)/MiKTeX 2.9/fonts/type1/public/amsfonts/euler/eusm10.pfb
><C:/Program Files (x86)/MiKTeX 2.9/fonts/type1/public/amsfonts/euler/eusm7.pfb
><C:/Users/Minh-Tam/AppData/Roaming/MiKTeX/2.9/fonts/type1/public/newtx/ntxsyra
lt.pfb><C:/Users/Minh-Tam/AppData/Roaming/MiKTeX/2.9/fonts/type1/public/txfonts
/rtxmi.pfb><C:/Users/Minh-Tam/AppData/Roaming/MiKTeX/2.9/fonts/type1/public/txf
onts/rtxr.pfb><C:/Users/Minh-Tam/AppData/Roaming/MiKTeX/2.9/fonts/type1/public/
hoekwater/stmary10.pfb><C:/Users/Minh-Tam/AppData/Roaming/MiKTeX/2.9/fonts/type
1/public/newtx/txex-bar.pfb><C:/Users/Minh-Tam/AppData/Roaming/MiKTeX/2.9/fonts
/type1/public/txfonts/txex.pfb><C:/Users/Minh-Tam/AppData/Roaming/MiKTeX/2.9/fo
nts/type1/public/txfonts/txmia.pfb><C:/Users/Minh-Tam/AppData/Roaming/MiKTeX/2.
9/fonts/type1/public/txfonts/txsy.pfb><C:/Users/Minh-Tam/AppData/Roaming/MiKTeX
/2.9/fonts/type1/public/txfonts/txsya.pfb><C:/Users/Minh-Tam/AppData/Roaming/Mi
KTeX/2.9/fonts/type1/public/txfonts/txsyb.pfb><C:/Users/Minh-Tam/AppData/Roamin
g/MiKTeX/2.9/fonts/type1/public/txfonts/txsyc.pfb><C:/Users/Minh-Tam/AppData/Ro
aming/MiKTeX/2.9/fonts/type1/public/boondox/zxxrl8a.pfb>
Output written on C:/Users/Minh-Tam/Dropbox/work_math/math_formal/work_alg-geo/
build/trinh_alg-geo_00.pdf (24 pages, 337158 bytes).
PDF statistics:
 596 PDF objects out of 1000 (max. 8388607)
 237 named destinations out of 1000 (max. 500000)
 44277 words of extra memory for PDF output out of 51595 (max. 10000000)

