\BOOKMARK [0][-]{chapter*.1}{Conventions}{}% 1
\BOOKMARK [0][-]{chapter.0}{Chapter 0. Ringed Spaces}{}% 2
\BOOKMARK [1][-]{section.0.1}{1. Definition}{chapter.0}% 3
\BOOKMARK [1][-]{section.0.2}{2. Sheaves}{chapter.0}% 4
\BOOKMARK [1][-]{section.0.3}{3. Sheaf Cohomology}{chapter.0}% 5
\BOOKMARK [0][-]{chapter.1}{Chapter 1. Affine Schemes}{}% 6
\BOOKMARK [1][-]{section.1.1}{1. The Zariski Topology}{chapter.1}% 7
\BOOKMARK [1][-]{section.1.2}{2. Definition}{chapter.1}% 8
\BOOKMARK [1][-]{section.1.3}{3. Intrinsic Properties}{chapter.1}% 9
\BOOKMARK [1][-]{section.1.4}{4. Relative Properties}{chapter.1}% 10
\BOOKMARK [1][-]{section.1.5}{5. Sheaves}{chapter.1}% 11
\BOOKMARK [0][-]{chapter.2}{Chapter 2. Schemes}{}% 12
\BOOKMARK [1][-]{section.2.1}{1. Definition}{chapter.2}% 13
\BOOKMARK [1][-]{section.2.2}{2. Intrinsic Properties}{chapter.2}% 14
\BOOKMARK [1][-]{section.2.3}{3. Relative Properties}{chapter.2}% 15
\BOOKMARK [1][-]{section.2.4}{4. Sheaves}{chapter.2}% 16
\BOOKMARK [1][-]{section.2.5}{5. Differentials}{chapter.2}% 17
\BOOKMARK [0][-]{chapter.3}{Chapter 3. Divisors}{}% 18
\BOOKMARK [1][-]{section.3.1}{1. Cartier Divisors}{chapter.3}% 19
\BOOKMARK [1][-]{section.3.2}{2. Weil Divisors}{chapter.3}% 20
\BOOKMARK [1][-]{section.3.3}{3. The Picard Group}{chapter.3}% 21
\BOOKMARK [1][-]{section.3.4}{4. The Grothendieck Group}{chapter.3}% 22
\BOOKMARK [1][-]{section.3.5}{5. Examples}{chapter.3}% 23
\BOOKMARK [0][-]{chapter.4}{Chapter 4. Projective Schemes}{}% 24
\BOOKMARK [1][-]{section.4.1}{1. Definition}{chapter.4}% 25
\BOOKMARK [1][-]{section.4.2}{2. Sheaves}{chapter.4}% 26
\BOOKMARK [1][-]{section.4.3}{3. Morphisms to Projective Space}{chapter.4}% 27
\BOOKMARK [0][-]{chapter.5}{Chapter 5. The Cohomology of Schemes}{}% 28
\BOOKMARK [0][-]{chapter*.2}{Bibliography}{}% 29
